2024-01-18 20:46:52,256 INFO Логи для числа 516
2024-01-18 20:46:52,256 INFO Число введенное ползователем 516
2024-01-18 20:46:54,607 INFO Числа сгенерированные программой 406
2024-01-18 20:46:57,249 INFO Числа сгенерированные программой 87
2024-01-18 20:46:59,695 INFO Числа сгенерированные программой 198
2024-01-18 20:47:00,824 INFO Числа сгенерированные программой 7
2024-01-18 20:47:01,433 INFO Числа сгенерированные программой 503
2024-01-18 20:47:01,778 INFO Числа сгенерированные программой 173
2024-01-18 20:47:02,138 INFO Числа сгенерированные программой 459
2024-01-18 20:47:02,423 INFO Числа сгенерированные программой 263
2024-01-18 20:47:02,682 INFO Числа сгенерированные программой 404
2024-01-18 20:47:02,923 INFO Числа сгенерированные программой 255
2024-01-18 20:47:03,142 INFO Числа сгенерированные программой 221
2024-01-18 20:47:03,363 INFO Числа сгенерированные программой 395
2024-01-18 20:47:03,558 INFO Числа сгенерированные программой 51
2024-01-18 20:47:03,803 INFO Числа сгенерированные программой 282
2024-01-18 20:47:03,958 INFO Числа сгенерированные программой 443
2024-01-18 20:47:04,167 INFO Числа сгенерированные программой 494
2024-01-18 20:47:04,377 INFO Числа сгенерированные программой 205
2024-01-18 20:47:04,772 INFO Числа сгенерированные программой 136
2024-01-18 20:47:04,957 INFO Числа сгенерированные программой 304
2024-01-18 20:47:05,167 INFO Числа сгенерированные программой 18
2024-01-18 20:47:05,372 INFO Числа сгенерированные программой 76
2024-01-18 20:47:05,562 INFO Числа сгенерированные программой 481
2024-01-18 20:47:05,757 INFO Числа сгенерированные программой 467
2024-01-18 20:47:05,936 INFO Числа сгенерированные программой 399
2024-01-18 20:47:06,136 INFO Числа сгенерированные программой 488
2024-01-18 20:47:06,336 INFO Числа сгенерированные программой 68
2024-01-18 20:47:19,009 INFO Логи для числа -6
2024-01-18 20:47:19,010 INFO Число введенное ползователем -6
2024-01-18 20:47:21,822 INFO Логи для числа -59
2024-01-18 20:47:21,822 INFO Число введенное ползователем -59
2024-01-18 20:47:23,879 INFO Логи для числа -456
2024-01-18 20:47:23,880 INFO Число введенное ползователем -456
2024-01-18 20:47:39,219 INFO Логи для числа 153
2024-01-18 20:47:39,219 INFO Число введенное ползователем 153
2024-01-18 20:47:56,556 ERROR Ошибка ввода числа пользователем
2024-01-18 20:48:11,199 INFO Логи для числа 1
2024-01-18 20:48:11,199 INFO Число введенное ползователем 1
2024-01-18 20:48:28,683 ERROR Ошибка ввода числа пользователем
2024-01-18 20:48:30,856 ERROR Ошибка ввода числа пользователем
2024-01-18 20:48:32,450 ERROR Ошибка ввода числа пользователем
2024-01-18 20:48:34,131 ERROR Ошибка ввода числа пользователем
2024-01-18 20:48:35,476 ERROR Ошибка ввода числа пользователем
2024-01-18 20:48:36,393 ERROR Ошибка ввода числа пользователем
2024-01-18 20:48:37,073 ERROR Ошибка ввода числа пользователем
2024-01-18 20:48:37,533 ERROR Ошибка ввода числа пользователем
2024-01-18 20:48:37,899 ERROR Ошибка ввода числа пользователем
2024-01-18 20:48:38,240 ERROR Ошибка ввода числа пользователем
2024-01-18 20:48:38,550 ERROR Ошибка ввода числа пользователем
2024-01-18 20:48:38,855 ERROR Ошибка ввода числа пользователем
2024-01-18 20:48:39,392 ERROR Ошибка ввода числа пользователем
2024-01-18 20:48:39,662 ERROR Ошибка ввода числа пользователем
2024-01-18 20:48:40,088 ERROR Ошибка ввода числа пользователем
2024-01-18 20:48:40,371 ERROR Ошибка ввода числа пользователем
2024-01-18 20:48:40,829 ERROR Ошибка ввода числа пользователем
2024-01-18 20:48:41,069 ERROR Ошибка ввода числа пользователем
2024-01-18 20:48:41,259 ERROR Ошибка ввода числа пользователем
2024-01-18 20:48:41,500 ERROR Ошибка ввода числа пользователем
2024-01-18 20:48:41,716 ERROR Ошибка ввода числа пользователем
2024-01-18 20:48:42,086 ERROR Ошибка ввода числа пользователем
2024-01-18 20:48:42,381 ERROR Ошибка ввода числа пользователем
2024-01-18 20:48:42,638 ERROR Ошибка ввода числа пользователем
2024-01-18 20:48:42,887 ERROR Ошибка ввода числа пользователем
2024-01-18 20:48:43,120 ERROR Ошибка ввода числа пользователем
2024-01-18 20:48:43,338 ERROR Ошибка ввода числа пользователем
2024-01-18 20:48:43,544 ERROR Ошибка ввода числа пользователем
2024-01-18 20:48:43,764 ERROR Ошибка ввода числа пользователем
2024-01-18 20:48:43,898 ERROR Ошибка ввода числа пользователем
2024-01-18 20:48:44,068 ERROR Ошибка ввода числа пользователем
2024-01-18 20:48:44,753 ERROR Ошибка ввода числа пользователем
2024-01-18 20:48:44,933 ERROR Ошибка ввода числа пользователем
2024-01-18 20:48:45,128 ERROR Ошибка ввода числа пользователем
2024-01-18 20:52:26,913 ERROR Ошибка ввода числа пользователем
